<?xml version="1.0" encoding="UTF-8"?>
<testsuite name="com.devcharles.piazzapanic.componentsystems.testPlayerControlSystem" tests="2" skipped="0" failures="0" errors="0" timestamp="2023-04-24T14:54:04" hostname="THONKPAD" time="0.005">
  <properties/>
  <testcase name="testPlayerPutDownItem" classname="com.devcharles.piazzapanic.componentsystems.testPlayerControlSystem" time="0.0"/>
  <testcase name="testPlayerPickUpItem" classname="com.devcharles.piazzapanic.componentsystems.testPlayerControlSystem" time="0.005"/>
  <system-out><![CDATA[]]></system-out>
  <system-err><![CDATA[]]></system-err>
</testsuite>
