<?xml version="1.0" encoding="UTF-8"?>
<testsuite name="com.devcharles.piazzapanic.testAssets" tests="1" skipped="0" failures="0" errors="0" timestamp="2023-04-24T14:54:03" hostname="THONKPAD" time="0.047">
  <properties/>
  <testcase name="testAssetsPresent" classname="com.devcharles.piazzapanic.testAssets" time="0.047"/>
  <system-out><![CDATA[]]></system-out>
  <system-err><![CDATA[]]></system-err>
</testsuite>
