<?xml version="1.0" encoding="UTF-8"?>
<testsuite name="com.devcharles.piazzapanic.components.testPlayerComponent" tests="2" skipped="0" failures="0" errors="0" timestamp="2023-04-24T14:54:03" hostname="THONKPAD" time="0.002">
  <properties/>
  <testcase name="instantiatePlayerComponent" classname="com.devcharles.piazzapanic.components.testPlayerComponent" time="0.001"/>
  <testcase name="testPlayerComponentAttributes" classname="com.devcharles.piazzapanic.components.testPlayerComponent" time="0.001"/>
  <system-out><![CDATA[]]></system-out>
  <system-err><![CDATA[]]></system-err>
</testsuite>
