<?xml version="1.0" encoding="UTF-8"?>
<testsuite name="com.devcharles.piazzapanic.componentsystems.testPlayerMovementSystem" tests="2" skipped="0" failures="0" errors="0" timestamp="2023-05-02T20:28:00" hostname="THONKPAD" time="0.019">
  <properties/>
  <testcase name="MoveUpDown" classname="com.devcharles.piazzapanic.componentsystems.testPlayerMovementSystem" time="0.009"/>
  <testcase name="PlayerMoveLeftRight" classname="com.devcharles.piazzapanic.componentsystems.testPlayerMovementSystem" time="0.01"/>
  <system-out><![CDATA[]]></system-out>
  <system-err><![CDATA[]]></system-err>
</testsuite>
