<?xml version="1.0" encoding="UTF-8"?>
<testsuite name="com.devcharles.piazzapanic.componentsystems.testCarryItemsSystem" tests="1" skipped="0" failures="0" errors="0" timestamp="2023-04-24T14:54:03" hostname="THONKPAD" time="0.067">
  <properties/>
  <testcase name="testPlayerBringsItem" classname="com.devcharles.piazzapanic.componentsystems.testCarryItemsSystem" time="0.067"/>
  <system-out><![CDATA[]]></system-out>
  <system-err><![CDATA[]]></system-err>
</testsuite>
