<?xml version="1.0" encoding="UTF-8"?>
<testsuite name="com.devcharles.piazzapanic.componentsystems.testPlayerInventorySystem" tests="10" skipped="0" failures="0" errors="0" timestamp="2023-05-02T20:28:00" hostname="THONKPAD" time="0.098">
  <properties/>
  <testcase name="testPlayerPutDownOneItem" classname="com.devcharles.piazzapanic.componentsystems.testPlayerInventorySystem" time="0.013"/>
  <testcase name="testPlayerPutDownItemStationAlmostFull" classname="com.devcharles.piazzapanic.componentsystems.testPlayerInventorySystem" time="0.01"/>
  <testcase name="testPlayerPickUpOneItem" classname="com.devcharles.piazzapanic.componentsystems.testPlayerInventorySystem" time="0.011"/>
  <testcase name="testPlayerPickUpItemInventoryFull" classname="com.devcharles.piazzapanic.componentsystems.testPlayerInventorySystem" time="0.011"/>
  <testcase name="testPlayerPutDownItem" classname="com.devcharles.piazzapanic.componentsystems.testPlayerInventorySystem" time="0.008"/>
  <testcase name="testPlayerPickUpItemInventoryAlmostFull" classname="com.devcharles.piazzapanic.componentsystems.testPlayerInventorySystem" time="0.01"/>
  <testcase name="testPlayerPickUpItem" classname="com.devcharles.piazzapanic.componentsystems.testPlayerInventorySystem" time="0.009"/>
  <testcase name="testPlayerPickUpItemStationEmpty" classname="com.devcharles.piazzapanic.componentsystems.testPlayerInventorySystem" time="0.009"/>
  <testcase name="testPlayerPutDownItemStationFull" classname="com.devcharles.piazzapanic.componentsystems.testPlayerInventorySystem" time="0.008"/>
  <testcase name="testChefRememberItems" classname="com.devcharles.piazzapanic.componentsystems.testPlayerInventorySystem" time="0.009"/>
  <system-out><![CDATA[[putDown on countertop] potato
[putDown on countertop] potato
[com.badlogic.ashley.core.PooledEngine$PooledEntity@737a135b, com.badlogic.ashley.core.PooledEngine$PooledEntity@15dcfae7, null, null]
[Picked up] potato
[null, com.badlogic.ashley.core.PooledEngine$PooledEntity@15dcfae7, null, null]
[putDown on countertop] potato
[Picked up] potato
[Picked up] potato
[putDown on countertop] potato
com.devcharles.piazzapanic.components.PlayerComponent@1fdf1c5
]]></system-out>
  <system-err><![CDATA[]]></system-err>
</testsuite>
