<?xml version="1.0" encoding="UTF-8"?>
<testsuite name="com.devcharles.piazzapanic.testPiazzaPanic" tests="2" skipped="0" failures="0" errors="0" timestamp="2023-03-14T15:37:02" hostname="THONKPAD" time="0.004">
  <properties/>
  <testcase name="virtualHeightTest" classname="com.devcharles.piazzapanic.testPiazzaPanic" time="0.004"/>
  <testcase name="test" classname="com.devcharles.piazzapanic.testPiazzaPanic" time="0.0"/>
  <system-out><![CDATA[]]></system-out>
  <system-err><![CDATA[]]></system-err>
</testsuite>
