<?xml version="1.0" encoding="UTF-8"?>
<testsuite name="com.devcharles.piazzapanic.components.testPlayerComponent" tests="2" skipped="0" failures="0" errors="0" timestamp="2023-03-17T14:21:42" hostname="AMBERS-LAPTOP" time="0.0">
  <properties/>
  <testcase name="instantiatePlayerComponent" classname="com.devcharles.piazzapanic.components.testPlayerComponent" time="0.0"/>
  <testcase name="testPlayerComponentAttributes" classname="com.devcharles.piazzapanic.components.testPlayerComponent" time="0.0"/>
  <system-out><![CDATA[]]></system-out>
  <system-err><![CDATA[]]></system-err>
</testsuite>
