<?xml version="1.0" encoding="UTF-8"?>
<testsuite name="com.devcharles.piazzapanic.testTests" tests="2" skipped="0" failures="0" errors="0" timestamp="2023-03-14T15:02:38" hostname="THONKPAD" time="0.003">
  <properties/>
  <testcase name="test" classname="com.devcharles.piazzapanic.testTests" time="0.002"/>
  <testcase name="helloTest" classname="com.devcharles.piazzapanic.testTests" time="0.001"/>
  <system-out><![CDATA[]]></system-out>
  <system-err><![CDATA[]]></system-err>
</testsuite>
