<?xml version="1.0" encoding="UTF-8"?>
<testsuite name="com.devcharles.piazzapanic.testTests" tests="1" skipped="0" failures="0" errors="0" timestamp="2023-03-14T12:58:01" hostname="THONKPAD" time="0.002">
  <properties/>
  <testcase name="test" classname="com.devcharles.piazzapanic.testTests" time="0.002"/>
  <system-out><![CDATA[]]></system-out>
  <system-err><![CDATA[]]></system-err>
</testsuite>
